2022-08-30 10:32:28,543 p=1370 u=ubuntu n=ansible | PLAY [Generate artifact, copy artifact & sql file to files directory] ********************************************************************************************************************************************
2022-08-30 10:32:28,567 p=1370 u=ubuntu n=ansible | TASK [Gathering Facts] *******************************************************************************************************************************************************************************************
2022-08-30 10:32:30,022 p=1370 u=ubuntu n=ansible | ok: [localhost]
2022-08-30 10:32:30,047 p=1370 u=ubuntu n=ansible | TASK [Install  jdk, maven, git] **********************************************************************************************************************************************************************************
2022-08-30 10:32:44,327 p=1370 u=ubuntu n=ansible | ok: [localhost] => (item=git)
2022-08-30 10:33:36,177 p=1370 u=ubuntu n=ansible | changed: [localhost] => (item=openjdk-8-jdk)
2022-08-30 10:33:46,088 p=1370 u=ubuntu n=ansible | changed: [localhost] => (item=maven)
2022-08-30 10:33:46,109 p=1370 u=ubuntu n=ansible | TASK [Clone source code from github] *****************************************************************************************************************************************************************************
2022-08-30 10:33:50,485 p=1370 u=ubuntu n=ansible | changed: [localhost]
2022-08-30 10:33:50,500 p=1370 u=ubuntu n=ansible | TASK [mvn install command to build artifact] *********************************************************************************************************************************************************************
2022-08-30 10:34:36,488 p=1370 u=ubuntu n=ansible | changed: [localhost]
2022-08-30 10:34:36,513 p=1370 u=ubuntu n=ansible | TASK [Copy artifacts to files directory] *************************************************************************************************************************************************************************
2022-08-30 10:34:37,610 p=1370 u=ubuntu n=ansible | changed: [localhost] => (item=/home/ubuntu/ansible-aws-vpc/provision-stack/Vprofile-repo/target/vprofile-v2.war)
2022-08-30 10:34:37,625 p=1370 u=ubuntu n=ansible | TASK [Copy SQL file to files directory] **************************************************************************************************************************************************************************
2022-08-30 10:34:38,058 p=1370 u=ubuntu n=ansible | changed: [localhost]
2022-08-30 10:34:38,083 p=1370 u=ubuntu n=ansible | PLAY RECAP *******************************************************************************************************************************************************************************************************
2022-08-30 10:34:38,083 p=1370 u=ubuntu n=ansible | localhost                  : ok=6    changed=5    unreachable=0    failed=0    skipped=0    rescued=0    ignored=0   
2022-08-30 10:45:51,331 p=7328 u=ubuntu n=ansible | PLAY [Set host to ip mapping in /etc/hosts file of all the instances in the stack] *******************************************************************************************************************************
2022-08-30 10:45:51,360 p=7328 u=ubuntu n=ansible | TASK [Gathering Facts] *******************************************************************************************************************************************************************************************
2022-08-30 10:45:53,548 p=7328 u=ubuntu n=ansible | ok: [cntl]
2022-08-30 10:45:53,586 p=7328 u=ubuntu n=ansible | ok: [web01]
2022-08-30 10:45:54,124 p=7328 u=ubuntu n=ansible | ok: [mc01]
2022-08-30 10:45:54,128 p=7328 u=ubuntu n=ansible | ok: [rmq01]
2022-08-30 10:45:54,367 p=7328 u=ubuntu n=ansible | ok: [app01]
2022-08-30 10:45:55,838 p=7328 u=ubuntu n=ansible | ok: [db01]
2022-08-30 10:45:55,865 p=7328 u=ubuntu n=ansible | TASK [Import VPC setup Variable] *********************************************************************************************************************************************************************************
2022-08-30 10:45:55,935 p=7328 u=ubuntu n=ansible | ok: [cntl]
2022-08-30 10:45:55,976 p=7328 u=ubuntu n=ansible | ok: [web01]
2022-08-30 10:45:56,011 p=7328 u=ubuntu n=ansible | ok: [app01]
2022-08-30 10:45:56,052 p=7328 u=ubuntu n=ansible | ok: [rmq01]
2022-08-30 10:45:56,059 p=7328 u=ubuntu n=ansible | ok: [mc01]
2022-08-30 10:45:56,077 p=7328 u=ubuntu n=ansible | ok: [db01]
2022-08-30 10:45:56,089 p=7328 u=ubuntu n=ansible | TASK [Update hosts file for all the hosts] ***********************************************************************************************************************************************************************
2022-08-30 10:45:56,955 p=7328 u=ubuntu n=ansible | changed: [web01]
2022-08-30 10:45:56,956 p=7328 u=ubuntu n=ansible | changed: [rmq01]
2022-08-30 10:45:56,957 p=7328 u=ubuntu n=ansible | changed: [mc01]
2022-08-30 10:45:56,957 p=7328 u=ubuntu n=ansible | changed: [app01]
2022-08-30 10:45:57,014 p=7328 u=ubuntu n=ansible | changed: [cntl]
2022-08-30 10:45:57,284 p=7328 u=ubuntu n=ansible | changed: [db01]
2022-08-30 10:45:57,308 p=7328 u=ubuntu n=ansible | PLAY RECAP *******************************************************************************************************************************************************************************************************
2022-08-30 10:45:57,308 p=7328 u=ubuntu n=ansible | app01                      : ok=3    changed=1    unreachable=0    failed=0    skipped=0    rescued=0    ignored=0   
2022-08-30 10:45:57,309 p=7328 u=ubuntu n=ansible | cntl                       : ok=3    changed=1    unreachable=0    failed=0    skipped=0    rescued=0    ignored=0   
2022-08-30 10:45:57,309 p=7328 u=ubuntu n=ansible | db01                       : ok=3    changed=1    unreachable=0    failed=0    skipped=0    rescued=0    ignored=0   
2022-08-30 10:45:57,309 p=7328 u=ubuntu n=ansible | mc01                       : ok=3    changed=1    unreachable=0    failed=0    skipped=0    rescued=0    ignored=0   
2022-08-30 10:45:57,309 p=7328 u=ubuntu n=ansible | rmq01                      : ok=3    changed=1    unreachable=0    failed=0    skipped=0    rescued=0    ignored=0   
2022-08-30 10:45:57,310 p=7328 u=ubuntu n=ansible | web01                      : ok=3    changed=1    unreachable=0    failed=0    skipped=0    rescued=0    ignored=0   
